nohup: ignoring input
2026-01-31 02:04:19 - __main__ - INFO - ğŸš€ ã¿ã‚„å¡¾ã€€è‹±ä½œæ–‡ç‰¹è¨“è¬›åº§ã€€å®®å´å¤§å­¦åŒ»å­¦éƒ¨ï¼ˆå’Œæ–‡è‹±è¨³ï¼‰ v3.0.0 èµ·å‹•: http://localhost:8001
2026-01-31 02:04:19 - __main__ - INFO - ğŸ“Š ãƒ‡ãƒ¼ã‚¿ãƒ™ãƒ¼ã‚¹: data/miyazaki_igaku_eisakubun.db
2026-01-31 02:04:19 - __main__ - INFO - ğŸ¯ æœ‰åŠ¹æ©Ÿèƒ½: 4/4
 * Serving Flask app 'app'
 * Debug mode: on
2026-01-31 02:04:19 - werkzeug - INFO - [31m[1mWARNING: This is a development server. Do not use it in a production deployment. Use a production WSGI server instead.[0m
 * Running on all addresses (0.0.0.0)
 * Running on http://127.0.0.1:8001
 * Running on http://10.0.10.26:8001
2026-01-31 02:04:19 - werkzeug - INFO - [33mPress CTRL+C to quit[0m
2026-01-31 02:04:19 - werkzeug - INFO -  * Restarting with stat
2026-01-31 02:04:20 - __main__ - INFO - ğŸš€ ã¿ã‚„å¡¾ã€€è‹±ä½œæ–‡ç‰¹è¨“è¬›åº§ã€€å®®å´å¤§å­¦åŒ»å­¦éƒ¨ï¼ˆå’Œæ–‡è‹±è¨³ï¼‰ v3.0.0 èµ·å‹•: http://localhost:8001
2026-01-31 02:04:20 - __main__ - INFO - ğŸ“Š ãƒ‡ãƒ¼ã‚¿ãƒ™ãƒ¼ã‚¹: data/miyazaki_igaku_eisakubun.db
2026-01-31 02:04:20 - __main__ - INFO - ğŸ¯ æœ‰åŠ¹æ©Ÿèƒ½: 4/4
2026-01-31 02:04:20 - werkzeug - WARNING -  * Debugger is active!
2026-01-31 02:04:20 - werkzeug - INFO -  * Debugger PIN: 519-604-230
2026-01-31 02:04:22 - llm_service - INFO - Step 1 - Punctuation normalized (first 100 chars): ï½”ï½ˆï½‰ï½“ ï½‰ï½“ ï½ ï½”ï½…ï½“ï½” ï½“ï½…ï½ï½”ï½…ï½ï½ƒï½…?...
2026-01-31 02:04:22 - llm_service - INFO - Step 2 - User input normalized (first 100 chars): This is a test sentence?...
2026-01-31 02:04:22 - llm_service - INFO - Multi-sentence mode: preserving newlines in user input
2026-01-31 02:04:22 - llm_service - INFO - Question text for correction: ã“ã‚Œã¯ãƒ†ã‚¹ãƒˆæ–‡ã§ã™ã€‚...
2026-01-31 02:04:22 - llm_service - INFO - Required points determined from Japanese text: 1 sentences
2026-01-31 02:04:22 - llm_service - INFO - Required points for this correction: 1
2026-01-31 02:04:22 - llm_service - INFO - Word count: 5
2026-01-31 02:04:22 - llm_service - INFO - Correction attempt 1/3
2026-01-31 02:04:54 - httpx - INFO - HTTP Request: POST https://api.openai.com/v1/chat/completions "HTTP/1.1 200 OK"
2026-01-31 02:04:54 - llm_service - INFO - OpenAI API response (attempt 1): 
{
  "original": "This is a test sentence?",
  "corrected": "This is a test sentence.",
  "points": [
    {
      "before": "ã€å…¨ä½“è©•ä¾¡ã€‘",
      "after": "æ–‡æ³•çš„ã«ã»ã¼æ­£ã—ã„ãŒã€ç–‘å•æ–‡ã§ã¯ãªãå¹³å™æ–‡ã§ã‚ã‚‹ãŸã‚ã€æ–‡æœ«ã®ç–‘å•ç¬¦ã¯ä¸è¦ã§ã™ã€‚",
      "r...
2026-01-31 02:04:54 - llm_service - INFO - Full LLM response for correction (length: 1028 chars)
2026-01-31 02:04:54 - llm_service - INFO - Response first 500 chars: 
{
  "original": "This is a test sentence?",
  "corrected": "This is a test sentence.",
  "points": [
    {
      "before": "ã€å…¨ä½“è©•ä¾¡ã€‘",
      "after": "æ–‡æ³•çš„ã«ã»ã¼æ­£ã—ã„ãŒã€ç–‘å•æ–‡ã§ã¯ãªãå¹³å™æ–‡ã§ã‚ã‚‹ãŸã‚ã€æ–‡æœ«ã®ç–‘å•ç¬¦ã¯ä¸è¦ã§ã™ã€‚",
      "reason": "æå‡ºã•ã‚ŒãŸè‹±æ–‡ã¯çŸ­ãã€æ–‡æ³•çš„ã«ã¯æ­£ã—ã„ãŒã€æ–‡æœ«ã«ç–‘å•ç¬¦ãŒã‚ã‚‹ãŸã‚ã€å†…å®¹ã«å¯¾ã™ã‚‹æ­£ç¢ºã•ãŒæ¬ ã‘ã¦ã„ã¾ã™ã€‚",
      "level": "å†…å®¹è©•ä¾¡"
    },
    {
      "before": "This is a test sentence?",
      "after": "This is a test sentence.",
      "reason": "ã€èª¤ã‚Šã®èª¬æ˜ã€‘: æ–‡æœ«ã®ç–‘å•ç¬¦ '?' ã¯æ–‡ã®æ„å‘³ã¨ã—ã¦ç–‘å•ã‚’è¡¨ã™å ´åˆã«ä½¿ç”¨ã•ã‚Œã¾ã™ãŒã€ã“ã®æ–‡ã¯ç¢ºèªã‚„è³ªå•ã§ã¯ãªãã€å˜ãªã‚‹é™³è¿°ã§ã™ã€‚ã—ãŸãŒã£ã¦ã€ãƒ”ãƒªã‚ªãƒ‰ '.' ã‚’ä½¿ç”¨ã™ã‚‹ã®ãŒæ­£ã—ã„ã§ã™ã€‚\nã€å‚è€ƒ
2026-01-31 02:04:54 - llm_service - INFO - Response last 500 chars: ã™ã€‚) / Is this a book? (ã“ã‚Œã¯æœ¬ã§ã™ã‹ï¼Ÿ)\n\n1æ–‡ç›®: This is a test sentence.\nï¼ˆã“ã‚Œã¯ãƒ†ã‚¹ãƒˆæ–‡ã§ã™ã€‚ï¼‰\ntestï¼ˆåè©ï¼šè©¦é¨“ãƒ»ãƒ†ã‚¹ãƒˆï¼šè©•ä¾¡ã‚„ç¢ºèªã®ãŸã‚ã«è¡Œã†ã‚‚ã®ï¼‰ï¼sentenceï¼ˆåè©ï¼šæ–‡ï¼šè¨€è‘‰ã®é›†åˆä½“ã§æ„å‘³ã‚’æŒã¤æ–‡è„ˆï¼‰ã§ã€testã¯è©•ä¾¡ã®ãŸã‚ã«ä½¿ç”¨ã•ã‚Œã€sentenceã¯æ„å‘³ã‚’æŒã¤æ–‡ã‚’æŒ‡ã—ã¾ã™ã€‚",
      "level": "âŒæ–‡æ³•ãƒŸã‚¹"
    }
  ],
  "model_answer": "This is a test sentence.",
  "model_answer_explanation": "æ–‡æ³•ãƒ»è¡¨ç¾ã®ãƒã‚¤ãƒ³ãƒˆè§£èª¬\n\n1æ–‡ç›®: This is a test sentence.\nï¼ˆã“ã‚Œã¯ãƒ†ã‚¹ãƒˆæ–‡ã§ã™ã€‚ï¼‰\nthisï¼ˆä»£åè©ï¼šã“ã‚Œï¼šæŒ‡ç¤ºå¯¾è±¡ã‚’ç‰¹å®šã™ã‚‹æ–‡è„ˆï¼‰ï¼thatï¼ˆä»£åè©ï¼šã‚ã‚Œï¼šæŒ‡ç¤ºå¯¾è±¡ãŒé›¢ã‚Œã¦ã„ã‚‹æ–‡è„ˆï¼‰ã§ã€thisã¯è¿‘ãã«ã‚ã‚‹ã‚‚ã®ã‚’æŒ‡ã—ã€thatã¯é ãã«ã‚ã‚‹ã‚‚ã®ã‚’æŒ‡ã—ã¾ã™ã€‚\nã€å‚è€ƒã€‘This is a pen. (ã“ã‚Œã¯ãƒšãƒ³ã§ã™ã€‚)ï¼That is a pen. (ã‚ã‚Œã¯ãƒšãƒ³ã§ã™ã€‚)"
}
2026-01-31 02:04:54 - llm_service - INFO - Full response saved to: /workspaces/miyazaki_igaku_100words/debug/llm_response_1.json
2026-01-31 02:04:54 - llm_service - WARNING - Skipping point 1: before 'ã€å…¨ä½“è©•ä¾¡ã€‘' not found in student answer
2026-01-31 02:04:54 - llm_service - INFO - Before normalization: 1 points
2026-01-31 02:04:54 - points_normalizer - INFO - Starting points normalization: 1 points
2026-01-31 02:04:54 - points_normalizer - INFO - Student answer split into 1 sentences
2026-01-31 02:04:54 - points_normalizer - INFO - Original user input split into 1 sentences
2026-01-31 02:04:54 - points_normalizer - INFO - Processing point 1: before='This is a test sentence?...', level='âŒæ–‡æ³•ãƒŸã‚¹'
2026-01-31 02:04:54 - points_normalizer - INFO - Point 1: Normalized before='This is a test sentence?...'
2026-01-31 02:04:54 - points_normalizer - INFO - Point 1: Found in sentence 1: 'This is a test sentence?...'
2026-01-31 02:04:54 - points_normalizer - INFO - Point 1: Replaced fragment in sentence: 'This is a test sentence....'
2026-01-31 02:04:54 - points_normalizer - INFO - Level is âŒ, keeping after: 'This is a test sentence....'
2026-01-31 02:04:54 - points_normalizer - INFO - Point 1: Original user input: 'ï½”ï½ˆï½‰ï½“ã€€ï½‰ï½“ã€€ï½ã€€ï½”ï½…ï½“ï½”ã€€ï½“ï½…ï½ï½”ï½…ï½ï½ƒï½…ï¼Ÿ...'
2026-01-31 02:04:54 - points_normalizer - INFO - Point 1: Normalized successfully (sentence_no=1)
2026-01-31 02:04:54 - points_normalizer - INFO - Points normalization complete: 1 points
2026-01-31 02:04:54 - llm_service - INFO - After normalization: 1 points
2026-01-31 02:04:54 - llm_service - INFO - Points check: current=1, non-evaluation=1, required=1
2026-01-31 02:04:54 - llm_service - INFO - âœ… Correction successful: 1 points
2026-01-31 02:04:54 - database - INFO - Submission saved: s_20260131_270a34dc (mode: general, no scoring)
2026-01-31 02:04:54 - werkzeug - INFO - 127.0.0.1 - - [31/Jan/2026 02:04:54] "POST /api/correct-multi HTTP/1.1" 200 -
2026-01-31 02:05:03 - __main__ - ERROR - Multi-sentence correction error: 400 Bad Request: Failed to decode JSON object: Expecting ',' delimiter: line 4 column 34 (char 123)
Traceback (most recent call last):
  File "/home/vscode/.local/lib/python3.12/site-packages/werkzeug/wrappers/request.py", line 611, in get_json
    rv = self.json_module.loads(data)
         ^^^^^^^^^^^^^^^^^^^^^^^^^^^^
  File "/home/vscode/.local/lib/python3.12/site-packages/flask/json/provider.py", line 187, in loads
    return json.loads(s, **kwargs)
           ^^^^^^^^^^^^^^^^^^^^^^^
  File "/usr/local/lib/python3.12/json/__init__.py", line 346, in loads
    return _default_decoder.decode(s)
           ^^^^^^^^^^^^^^^^^^^^^^^^^^
  File "/usr/local/lib/python3.12/json/decoder.py", line 338, in decode
    obj, end = self.raw_decode(s, idx=_w(s, 0).end())
               ^^^^^^^^^^^^^^^^^^^^^^^^^^^^^^^^^^^^^^
  File "/usr/local/lib/python3.12/json/decoder.py", line 354, in raw_decode
    obj, end = self.scan_once(s, idx)
               ^^^^^^^^^^^^^^^^^^^^^^
json.decoder.JSONDecodeError: Expecting ',' delimiter: line 4 column 34 (char 123)

During handling of the above exception, another exception occurred:

Traceback (most recent call last):
  File "/workspaces/miyazaki_igaku_100words/app.py", line 241, in api_correct_multi_sentences
    data = request.get_json()
           ^^^^^^^^^^^^^^^^^^
  File "/home/vscode/.local/lib/python3.12/site-packages/werkzeug/wrappers/request.py", line 620, in get_json
    rv = self.on_json_loading_failed(e)
         ^^^^^^^^^^^^^^^^^^^^^^^^^^^^^^
  File "/home/vscode/.local/lib/python3.12/site-packages/flask/wrappers.py", line 214, in on_json_loading_failed
    return super().on_json_loading_failed(e)
           ^^^^^^^^^^^^^^^^^^^^^^^^^^^^^^^^^
  File "/home/vscode/.local/lib/python3.12/site-packages/werkzeug/wrappers/request.py", line 645, in on_json_loading_failed
    raise BadRequest(f"Failed to decode JSON object: {e}")
werkzeug.exceptions.BadRequest: 400 Bad Request: Failed to decode JSON object: Expecting ',' delimiter: line 4 column 34 (char 123)
2026-01-31 02:05:03 - werkzeug - INFO - 127.0.0.1 - - [31/Jan/2026 02:05:03] "[35m[1mPOST /api/correct-multi HTTP/1.1[0m" 500 -
2026-01-31 02:05:09 - llm_service - INFO - Step 1 - Punctuation normalized (first 100 chars): he said "hello" - that was great...
2026-01-31 02:05:09 - llm_service - INFO - Step 2 - User input normalized (first 100 chars): He said "hello" - that was great....
2026-01-31 02:05:09 - llm_service - INFO - Multi-sentence mode: preserving newlines in user input
2026-01-31 02:05:09 - llm_service - INFO - Question text for correction: å½¼ã¯ã€Œã“ã‚“ã«ã¡ã¯ã€ã¨è¨€ã£ãŸ â€” ãã‚Œã¯ç´ æ™´ã‚‰ã—ã‹ã£ãŸã€‚...
2026-01-31 02:05:09 - llm_service - INFO - Required points determined from Japanese text: 1 sentences
2026-01-31 02:05:09 - llm_service - INFO - Required points for this correction: 1
2026-01-31 02:05:09 - llm_service - INFO - Word count: 7
2026-01-31 02:05:09 - llm_service - INFO - Correction attempt 1/3
2026-01-31 02:05:26 - httpx - INFO - HTTP Request: POST https://api.openai.com/v1/chat/completions "HTTP/1.1 200 OK"
2026-01-31 02:05:27 - llm_service - INFO - OpenAI API response (attempt 1): 
{
  "original": "He said \"hello\" - that was great.",
  "corrected": "He said \"hello\" - that was great.",
  "points": [
    {
      "before": "ã€å…¨ä½“è©•ä¾¡ã€‘",
      "after": "æå‡ºã•ã‚ŒãŸè‹±æ–‡ã¯æ–‡æ³•çš„ã«æ­£ã—ã„ã§ã™ã€‚ã€Œã“ã‚“ã«ã¡ã¯ã€ã¨è¨€ã£...
2026-01-31 02:05:27 - llm_service - INFO - Full LLM response for correction (length: 1562 chars)
2026-01-31 02:05:27 - llm_service - INFO - Response first 500 chars: 
{
  "original": "He said \"hello\" - that was great.",
  "corrected": "He said \"hello\" - that was great.",
  "points": [
    {
      "before": "ã€å…¨ä½“è©•ä¾¡ã€‘",
      "after": "æå‡ºã•ã‚ŒãŸè‹±æ–‡ã¯æ–‡æ³•çš„ã«æ­£ã—ã„ã§ã™ã€‚ã€Œã“ã‚“ã«ã¡ã¯ã€ã¨è¨€ã£ãŸã“ã¨ãŒç´ æ™´ã‚‰ã—ã‹ã£ãŸã¨ã„ã†æ„å‘³ãŒæ­£ç¢ºã«ä¼ã‚ã£ã¦ã„ã¾ã™ã€‚",
      "reason": "è§£èª¬: æå‡ºã•ã‚ŒãŸè‹±æ–‡ã¯æ—¥æœ¬èªåŸæ–‡ã‚’æ­£ç¢ºã«è‹±è¨³ã—ã¦ã„ã¾ã™ã€‚æ–‡æ³•çš„ãªãƒŸã‚¹ã¯ãªãã€è‡ªç„¶ãªè‹±èªè¡¨ç¾ã«ãªã£ã¦ã„ã¾ã™ã€‚å¥èª­ç‚¹ã‚‚é©åˆ‡ã§ã™ã€‚",
      "level": "å†…å®¹è©•ä¾¡"
    }
  ],
  "model_answer": "He said \"hello\"; it was wonderful.\n\nThe way he greeted with such warmth made everyone feel happy.\n\nFor instance, when he entered
2026-01-31 02:05:27 - llm_service - INFO - Response last 500 chars: å‚è€ƒã€‘greet guestsï¼ˆå®¢ã«æŒ¨æ‹¶ã™ã‚‹ï¼‰ï¼welcome visitorsï¼ˆè¨ªå•è€…ã‚’æ­“è¿ã™ã‚‹ï¼‰\nä¾‹ï¼šHe greeted her with a smile. (å½¼ã¯ç¬‘é¡”ã§å½¼å¥³ã«æŒ¨æ‹¶ã—ãŸã€‚) ï¼ They welcomed us warmly. (å½¼ã‚‰ã¯ç§ãŸã¡ã‚’æš–ã‹ãè¿ãˆã¦ãã‚ŒãŸã€‚)\n\n3æ–‡ç›®: For instance, when he entered the room, his cheerful voice lifted the atmosphere.\nï¼ˆä¾‹ãˆã°ã€å½¼ãŒéƒ¨å±‹ã«å…¥ã£ãŸã¨ãã€å½¼ã®æ˜ã‚‹ã„å£°ãŒé›°å›²æ°—ã‚’ç››ã‚Šä¸Šã’ãŸã€‚ï¼‰\ninstanceï¼ˆåè©ï¼šä¾‹ï¼šå…·ä½“çš„ãªå®Ÿä¾‹ï¼‰ï¼exampleï¼ˆåè©ï¼šä¾‹ï¼šä¸€èˆ¬çš„ãªä¾‹ç¤ºï¼‰ã§ã€instanceã¯ç‰¹å®šã®äº‹ä¾‹ã‚’ã€exampleã¯èª¬æ˜ã®ãŸã‚ã®ä¾‹ã‚’æŒ‡ã—ã¾ã™ã€‚\nã€å‚è€ƒã€‘for instanceï¼ˆä¾‹ãˆã°ï¼‰ï¼for exampleï¼ˆä¾‹ã¨ã—ã¦ï¼‰\nä¾‹ï¼šFor instance, he helped me. (ä¾‹ãˆã°ã€å½¼ã¯ç§ã‚’åŠ©ã‘ã¦ãã‚ŒãŸã€‚) ï¼ For example, cats are independent. (ä¾‹ãˆã°ã€çŒ«ã¯ç‹¬ç«‹ã—ã¦ã„ã‚‹ã€‚)"
}
2026-01-31 02:05:27 - llm_service - INFO - Full response saved to: /workspaces/miyazaki_igaku_100words/debug/llm_response_1.json
2026-01-31 02:05:27 - llm_service - WARNING - Skipping point 1: before 'ã€å…¨ä½“è©•ä¾¡ã€‘' not found in student answer
2026-01-31 02:05:27 - llm_service - INFO - Before normalization: 0 points
2026-01-31 02:05:27 - points_normalizer - INFO - Starting points normalization: 0 points
2026-01-31 02:05:27 - points_normalizer - INFO - Student answer split into 1 sentences
2026-01-31 02:05:27 - points_normalizer - INFO - Original user input split into 1 sentences
2026-01-31 02:05:27 - points_normalizer - INFO - Points normalization complete: 0 points
2026-01-31 02:05:27 - llm_service - INFO - After normalization: 0 points
2026-01-31 02:05:27 - llm_service - INFO - Points check: current=0, non-evaluation=0, required=1
2026-01-31 02:05:27 - llm_service - WARNING - Points shortage detected: need 1 more points
2026-01-31 02:05:27 - llm_service - INFO - Step 1: Attempting reprompt for 1 additional points
2026-01-31 02:05:27 - llm_service - ERROR - Reprompt attempt 1 failed: call_openai_with_retry() got an unexpected keyword argument 'temperature'
2026-01-31 02:05:27 - llm_service - INFO - Step 2: Attempting reprompt for 1 additional points
2026-01-31 02:05:27 - llm_service - ERROR - Reprompt attempt 2 failed: call_openai_with_retry() got an unexpected keyword argument 'temperature'
2026-01-31 02:05:27 - llm_service - WARNING - Step 3: Using quality-assured filler for remaining 1 shortage
2026-01-31 02:05:27 - llm_service - INFO - Added quality filler point 1/1: (æœªæå‡ºï¼šåŸæ–‡ç¬¬1æ–‡)
2026-01-31 02:05:27 - llm_service - INFO - After all filling steps: 1 points total
2026-01-31 02:05:27 - llm_service - INFO - âœ… Correction successful: 1 points
2026-01-31 02:05:27 - database - INFO - Submission saved: s_20260131_3e831b61 (mode: general, no scoring)
2026-01-31 02:05:27 - werkzeug - INFO - 127.0.0.1 - - [31/Jan/2026 02:05:27] "POST /api/correct-multi HTTP/1.1" 200 -
2026-01-31 02:05:39 - llm_service - INFO - Step 1 - Punctuation normalized (first 100 chars): this is an example:apple,banana,orange...
2026-01-31 02:05:39 - llm_service - INFO - Step 2 - User input normalized (first 100 chars): This is an example: apple, banana, orange....
2026-01-31 02:05:39 - llm_service - INFO - Multi-sentence mode: preserving newlines in user input
2026-01-31 02:05:39 - llm_service - INFO - Question text for correction: ã“ã‚Œã¯ä¾‹ã§ã™ï¼šãƒªãƒ³ã‚´ã€ãƒãƒŠãƒŠã€ã‚ªãƒ¬ãƒ³ã‚¸ã€‚...
2026-01-31 02:05:39 - llm_service - INFO - Required points determined from Japanese text: 1 sentences
2026-01-31 02:05:39 - llm_service - INFO - Required points for this correction: 1
2026-01-31 02:05:39 - llm_service - INFO - Word count: 7
2026-01-31 02:05:39 - llm_service - INFO - Correction attempt 1/3
2026-01-31 02:05:55 - httpx - INFO - HTTP Request: POST https://api.openai.com/v1/chat/completions "HTTP/1.1 200 OK"
2026-01-31 02:05:55 - llm_service - INFO - OpenAI API response (attempt 1): {
  "original": "This is an example: apple, banana, orange.",
  "corrected": "This is an example: apple, banana, orange.",
  "points": [
    {
      "before": "ã€å…¨ä½“è©•ä¾¡ã€‘",
      "after": "æå‡ºã•ã‚ŒãŸè‹±æ–‡ã¯æ–‡æ³•çš„ã«æ­£ã—ã...
2026-01-31 02:05:55 - llm_service - INFO - Full LLM response for correction (length: 1204 chars)
2026-01-31 02:05:55 - llm_service - INFO - Response first 500 chars: {
  "original": "This is an example: apple, banana, orange.",
  "corrected": "This is an example: apple, banana, orange.",
  "points": [
    {
      "before": "ã€å…¨ä½“è©•ä¾¡ã€‘",
      "after": "æå‡ºã•ã‚ŒãŸè‹±æ–‡ã¯æ–‡æ³•çš„ã«æ­£ã—ãã€æ—¥æœ¬èªã®å†…å®¹ã‚’é©åˆ‡ã«ä¼ãˆã¦ã„ã¾ã™ã€‚ç‰¹ã«ä¿®æ­£ã¯å¿…è¦ã‚ã‚Šã¾ã›ã‚“ã€‚",
      "reason": "è§£èª¬: æå‡ºã•ã‚ŒãŸè‹±æ–‡ã¯æ—¥æœ¬èªåŸæ–‡ã¨ä¸€è‡´ã—ã¦ãŠã‚Šã€æ–‡æ³•çš„ãªèª¤ã‚Šã¯ã‚ã‚Šã¾ã›ã‚“ã€‚å˜èªã®é¸æŠã‚‚é©åˆ‡ã§ã€è‡ªç„¶ãªè‹±èªè¡¨ç¾ã«ãªã£ã¦ã„ã¾ã™ã€‚",
      "level": "å†…å®¹è©•ä¾¡"
    },
    {
      "before": "This is an example: apple, banana, orange.",
      "after": "This is an example: apple, banana, orange.",
      "reason": "1æ–‡ç›®: Thi
2026-01-31 02:05:55 - llm_service - INFO - Response last 500 chars: ã°ãƒªãƒ³ã‚´ã€‚) / She enjoys sports such as tennis. (å½¼å¥³ã¯ãƒ†ãƒ‹ã‚¹ã®ã‚ˆã†ãªã‚¹ãƒãƒ¼ãƒ„ã‚’æ¥½ã—ã‚“ã§ã„ã¾ã™ã€‚)",
      "level": "âœ…æ­£ã—ã„è¡¨ç¾"
    }
  ],
  "model_answer": "This is an example: apple, banana, orange.",
  "model_answer_explanation": "æ–‡æ³•ãƒ»è¡¨ç¾ã®ãƒã‚¤ãƒ³ãƒˆè§£èª¬\n\n1æ–‡ç›®: This is an example: apple, banana, orange.\nï¼ˆã“ã‚Œã¯ä¾‹ã§ã™ï¼šãƒªãƒ³ã‚´ã€ãƒãƒŠãƒŠã€ã‚ªãƒ¬ãƒ³ã‚¸ã€‚ï¼‰\nexampleï¼ˆåè©ï¼šä¾‹ï¼šä¸€èˆ¬çš„ãªäº‹ä¾‹ã‚„ä»£è¡¨çš„ãªã‚‚ã®ã‚’ç¤ºã™æ–‡è„ˆï¼‰ã§ã€å…·ä½“ä¾‹ã‚’æŒ™ã’ã‚‹éš›ã«ä½¿ç”¨ã•ã‚Œã¾ã™ã€‚\nã€å‚è€ƒã€‘for exampleï¼ˆä¾‹ãˆã°ï¼‰ï¼such asï¼ˆä¾‹ãˆã°ï¼‰\nä¾‹: I like fruits, for example, apples. (ç§ã¯æœç‰©ãŒå¥½ãã§ã™ã€ä¾‹ãˆã°ãƒªãƒ³ã‚´ã€‚) / She enjoys sports such as tennis. (å½¼å¥³ã¯ãƒ†ãƒ‹ã‚¹ã®ã‚ˆã†ãªã‚¹ãƒãƒ¼ãƒ„ã‚’æ¥½ã—ã‚“ã§ã„ã¾ã™ã€‚)"
}
2026-01-31 02:05:55 - llm_service - INFO - Full response saved to: /workspaces/miyazaki_igaku_100words/debug/llm_response_1.json
2026-01-31 02:05:55 - llm_service - WARNING - Skipping point 1: before 'ã€å…¨ä½“è©•ä¾¡ã€‘' not found in student answer
2026-01-31 02:05:55 - llm_service - INFO - Before normalization: 1 points
2026-01-31 02:05:55 - points_normalizer - INFO - Starting points normalization: 1 points
2026-01-31 02:05:55 - points_normalizer - INFO - Student answer split into 1 sentences
2026-01-31 02:05:55 - points_normalizer - INFO - Original user input split into 1 sentences
2026-01-31 02:05:55 - points_normalizer - INFO - Processing point 1: before='This is an example: apple, banana, orange....', level='âœ…æ­£ã—ã„è¡¨ç¾'
2026-01-31 02:05:55 - points_normalizer - INFO - Point 1: Normalized before='This is an example: apple, banana, orange....'
2026-01-31 02:05:55 - points_normalizer - INFO - Point 1: Found in sentence 1: 'This is an example: apple, banana, orange....'
2026-01-31 02:05:55 - points_normalizer - INFO - Point 1: Original user input: 'this is an exampleï¼šappleï¼Œbananaï¼Œorange...'
2026-01-31 02:05:55 - points_normalizer - INFO - Point 1: Normalized successfully (sentence_no=1)
2026-01-31 02:05:55 - points_normalizer - INFO - Points normalization complete: 1 points
2026-01-31 02:05:55 - llm_service - INFO - After normalization: 1 points
2026-01-31 02:05:55 - llm_service - INFO - Points check: current=1, non-evaluation=1, required=1
2026-01-31 02:05:55 - llm_service - INFO - âœ… Correction successful: 1 points
2026-01-31 02:05:55 - database - INFO - Submission saved: s_20260131_6359dc91 (mode: general, no scoring)
2026-01-31 02:05:55 - werkzeug - INFO - 127.0.0.1 - - [31/Jan/2026 02:05:55] "POST /api/correct-multi HTTP/1.1" 200 -
2026-01-31 02:06:02 - llm_service - INFO - Step 1 - Punctuation normalized (first 100 chars): this is an example(test)...
2026-01-31 02:06:02 - llm_service - INFO - Step 2 - User input normalized (first 100 chars): This is an example(test)....
2026-01-31 02:06:02 - llm_service - INFO - Multi-sentence mode: preserving newlines in user input
2026-01-31 02:06:02 - llm_service - INFO - Question text for correction: ã“ã‚Œã¯ä¾‹ï¼ˆãƒ†ã‚¹ãƒˆï¼‰ã§ã™ã€‚...
2026-01-31 02:06:02 - llm_service - INFO - Required points determined from Japanese text: 1 sentences
2026-01-31 02:06:02 - llm_service - INFO - Required points for this correction: 1
2026-01-31 02:06:02 - llm_service - INFO - Word count: 4
2026-01-31 02:06:02 - llm_service - INFO - Correction attempt 1/3
2026-01-31 02:06:18 - httpx - INFO - HTTP Request: POST https://api.openai.com/v1/chat/completions "HTTP/1.1 200 OK"
2026-01-31 02:06:18 - llm_service - INFO - OpenAI API response (attempt 1): {
  "original": "This is an example(test).",
  "corrected": "This is an example (test).",
  "points": [
    {
      "before": "ã€å…¨ä½“è©•ä¾¡ã€‘",
      "after": "æ‹¬å¼§ã®å‰ã«ã‚¹ãƒšãƒ¼ã‚¹ã‚’è¿½åŠ ã™ã‚‹å¿…è¦ãŒã‚ã‚Šã¾ã™ãŒã€æ–‡å…¨ä½“ã¯éå¸¸ã«ã‚·ãƒ³ãƒ—ãƒ«ã§é©åˆ‡ã§ã™ã€‚",
     ...
2026-01-31 02:06:18 - llm_service - INFO - Full LLM response for correction (length: 941 chars)
2026-01-31 02:06:18 - llm_service - INFO - Response first 500 chars: {
  "original": "This is an example(test).",
  "corrected": "This is an example (test).",
  "points": [
    {
      "before": "ã€å…¨ä½“è©•ä¾¡ã€‘",
      "after": "æ‹¬å¼§ã®å‰ã«ã‚¹ãƒšãƒ¼ã‚¹ã‚’è¿½åŠ ã™ã‚‹å¿…è¦ãŒã‚ã‚Šã¾ã™ãŒã€æ–‡å…¨ä½“ã¯éå¸¸ã«ã‚·ãƒ³ãƒ—ãƒ«ã§é©åˆ‡ã§ã™ã€‚",
      "reason": "å­¦ç”Ÿã®è‹±æ–‡ã¯ã‚·ãƒ³ãƒ—ãƒ«ã§ã€ä¸ãˆã‚‰ã‚ŒãŸæ—¥æœ¬èªæ–‡ã®å†…å®¹ã‚’æ­£ç¢ºã«è‹±è¨³ã—ã¦ã„ã¾ã™ã€‚æ–‡æ³•çš„ãªãƒŸã‚¹ã¯ã‚ã‚Šã¾ã›ã‚“ãŒã€å½¢å¼ä¸Šã€\"example\"ã¨\"(test)\"ã®é–“ã«ã‚¹ãƒšãƒ¼ã‚¹ã‚’å…¥ã‚Œã‚‹ã¨ã‚ˆã‚Šè‡ªç„¶ã§ã™ã€‚",
      "level": "å†…å®¹è©•ä¾¡"
    },
    {
      "before": "This is an example(test).",
      "after": "This is an example (test).",
      "reason": "å½¢å¼ä¸Šã®ä¿®æ­£: 'example(test)' ã®é–“ã«ã‚¹ãƒšãƒ¼ã‚¹ã‚’å…¥ã‚ŒãŸã»ã†ãŒè‡ªç„¶ã§ã™ã€‚æ–‡æ³•ã‚„èªå½™
2026-01-31 02:06:18 - llm_service - INFO - Response last 500 chars: "reason": "å½¢å¼ä¸Šã®ä¿®æ­£: 'example(test)' ã®é–“ã«ã‚¹ãƒšãƒ¼ã‚¹ã‚’å…¥ã‚ŒãŸã»ã†ãŒè‡ªç„¶ã§ã™ã€‚æ–‡æ³•ã‚„èªå½™ã®èª¤ã‚Šã¯ã‚ã‚Šã¾ã›ã‚“ã€‚",
      "level": "âœ…æ­£ã—ã„è¡¨ç¾"
    }
  ],
  "model_answer": "This is an example (test).",
  "model_answer_explanation": "æ–‡æ³•ãƒ»è¡¨ç¾ã®ãƒã‚¤ãƒ³ãƒˆè§£èª¬\n\n1æ–‡ç›®: This is an example (test).\nï¼ˆã“ã‚Œã¯ä¾‹ï¼ˆãƒ†ã‚¹ãƒˆï¼‰ã§ã™ã€‚ï¼‰\nexampleï¼ˆåè©ï¼šä¾‹ï¼šå…·ä½“çš„ãªäº‹ä¾‹ã‚’ç¤ºã™æ–‡è„ˆï¼‰ï¼sampleï¼ˆåè©ï¼šè¦‹æœ¬ï¼šè£½å“ã‚„è³‡æ–™ã®ä¸€éƒ¨ã‚’ç¤ºã™æ–‡è„ˆï¼‰ã§ã€exampleã¯èª¬æ˜ã‚„è¨¼æ˜ã®ãŸã‚ã«ç”¨ã„ã‚‰ã‚Œã‚‹å…·ä½“ä¾‹ã€sampleã¯è£½å“ã‚„è³‡æ–™ã®ä¸€éƒ¨ã‚’æŒ‡ã—ã¾ã™ã€‚\nã€å‚è€ƒã€‘give an exampleï¼ˆä¾‹ã‚’æŒ™ã’ã‚‹ï¼‰ï¼show a sampleï¼ˆè¦‹æœ¬ã‚’è¦‹ã›ã‚‹ï¼‰\nä¾‹ï¼šCan you give me an example? (ä¾‹ã‚’æŒ™ã’ã¦ã‚‚ã‚‰ãˆã¾ã™ã‹ï¼Ÿ) ï¼ This is a sample of the fabric. (ã“ã‚Œã¯ç”Ÿåœ°ã®è¦‹æœ¬ã§ã™ã€‚)"
}
2026-01-31 02:06:18 - llm_service - INFO - Full response saved to: /workspaces/miyazaki_igaku_100words/debug/llm_response_1.json
2026-01-31 02:06:18 - llm_service - WARNING - Skipping point 1: before 'ã€å…¨ä½“è©•ä¾¡ã€‘' not found in student answer
2026-01-31 02:06:18 - llm_service - INFO - Before normalization: 1 points
2026-01-31 02:06:18 - points_normalizer - INFO - Starting points normalization: 1 points
2026-01-31 02:06:18 - points_normalizer - INFO - Student answer split into 1 sentences
2026-01-31 02:06:18 - points_normalizer - INFO - Original user input split into 1 sentences
2026-01-31 02:06:18 - points_normalizer - INFO - Processing point 1: before='This is an example(test)....', level='âœ…æ­£ã—ã„è¡¨ç¾'
2026-01-31 02:06:18 - points_normalizer - INFO - Point 1: Normalized before='This is an example(test)....'
2026-01-31 02:06:18 - points_normalizer - INFO - Point 1: Found in sentence 1: 'This is an example(test)....'
2026-01-31 02:06:18 - points_normalizer - INFO - Point 1: Original user input: 'this is an exampleï¼ˆtestï¼‰...'
2026-01-31 02:06:18 - points_normalizer - INFO - Point 1: Normalized successfully (sentence_no=1)
2026-01-31 02:06:18 - points_normalizer - INFO - Points normalization complete: 1 points
2026-01-31 02:06:18 - llm_service - INFO - After normalization: 1 points
2026-01-31 02:06:18 - llm_service - INFO - Points check: current=1, non-evaluation=1, required=1
2026-01-31 02:06:18 - llm_service - INFO - âœ… Correction successful: 1 points
2026-01-31 02:06:18 - database - INFO - Submission saved: s_20260131_b1960586 (mode: general, no scoring)
2026-01-31 02:06:18 - werkzeug - INFO - 127.0.0.1 - - [31/Jan/2026 02:06:18] "POST /api/correct-multi HTTP/1.1" 200 -
2026-01-31 02:06:26 - llm_service - INFO - Step 1 - Punctuation normalized (first 100 chars): ï½“ï½ï½ï½’ï½”ï½ï½ˆï½ï½ï½… ï½•ï½“ï½… ï½ƒï½ï½ ï½ƒï½ï½•ï½“ï½… ï½ï½ï½‰ï½“ï½…-ï½’ï½…ï½Œï½ï½”ï½…ï½„ ï½ï½’ï½ï½‚ï½Œï½…ï½ï½“!...
2026-01-31 02:06:26 - llm_service - INFO - Step 2 - User input normalized (first 100 chars): Smartphone use can cause noise-related problems!...
2026-01-31 02:06:26 - llm_service - INFO - Multi-sentence mode: preserving newlines in user input
2026-01-31 02:06:26 - llm_service - INFO - Question text for correction: ã‚¹ãƒãƒ¼ãƒˆãƒ•ã‚©ãƒ³ã®ä½¿ç”¨ã¯ã€é¨’éŸ³å•é¡Œã‚’å¼•ãèµ·ã“ã™ã€‚...
2026-01-31 02:06:26 - llm_service - INFO - Required points determined from Japanese text: 1 sentences
2026-01-31 02:06:26 - llm_service - INFO - Required points for this correction: 1
2026-01-31 02:06:26 - llm_service - INFO - Word count: 6
2026-01-31 02:06:26 - llm_service - INFO - Correction attempt 1/3
2026-01-31 02:06:50 - httpx - INFO - HTTP Request: POST https://api.openai.com/v1/chat/completions "HTTP/1.1 200 OK"
2026-01-31 02:06:50 - llm_service - INFO - OpenAI API response (attempt 1): 
{
  "original": "Smartphone use can cause noise-related problems!",
  "corrected": "The use of smartphones can cause noise-related problems.\n\nFor example, people often talk loudly on their phones i...
2026-01-31 02:06:50 - llm_service - INFO - Full LLM response for correction (length: 2743 chars)
2026-01-31 02:06:50 - llm_service - INFO - Response first 500 chars: 
{
  "original": "Smartphone use can cause noise-related problems!",
  "corrected": "The use of smartphones can cause noise-related problems.\n\nFor example, people often talk loudly on their phones in public places, disturbing others around them.\n\nIn addition, the constant notifications and alerts from apps can be annoying and disrupt the quiet environment.",
  "points": [
    {
      "before": "ã€å…¨ä½“è©•ä¾¡ã€‘",
      "after": "æå‡ºã•ã‚ŒãŸè‹±è¨³ã¯çŸ­ãã€å…¨ä½“çš„ãªå†…å®¹ã‚’æ˜ã‚Šä¸‹ã’ã‚‹ä½™åœ°ãŒã‚ã‚Šã¾ã™ã€‚å…·ä½“ä¾‹ã‚’è¿½åŠ ã—ã€é¨’éŸ³å•é¡Œã®è©³ç´°ã‚’ç¤ºã™ã¨ã‚ˆã‚Šè‰¯ã„ã§ã™ã€‚",
      "reason
2026-01-31 02:06:50 - llm_service - INFO - Response last 500 chars: ã„ã¾ã™ã€‚) ï¼ This is private property. (ã“ã“ã¯ç§æœ‰åœ°ã§ã™ã€‚)\n\n3æ–‡ç›®: In addition, the constant notifications and alerts from apps can be annoying and disrupt the quiet environment.\nï¼ˆã•ã‚‰ã«ã€ã‚¢ãƒ—ãƒªã‹ã‚‰ã®çµ¶ãˆé–“ãªã„é€šçŸ¥ã‚„è­¦å‘ŠéŸ³ãŒè¿·æƒ‘ã§ã€é™ã‹ãªç’°å¢ƒã‚’ä¹±ã™ã“ã¨ãŒã‚ã‚Šã¾ã™ã€‚ï¼‰\nconstantï¼ˆå½¢å®¹è©ï¼šçµ¶ãˆé–“ãªã„ï¼šé€”åˆ‡ã‚Œãšç¶šãã“ã¨ã‚’æŒ‡ã™æ–‡è„ˆï¼‰ï¼frequentï¼ˆå½¢å®¹è©ï¼šé »ç¹ãªï¼šä½•åº¦ã‚‚ç¹°ã‚Šè¿”ã•ã‚Œã‚‹ã“ã¨ã‚’æŒ‡ã™æ–‡è„ˆï¼‰ã§ã€constantã¯é€”åˆ‡ã‚Œãšç¶šãã“ã¨ã‚’ã€frequentã¯ä½•åº¦ã‚‚ç¹°ã‚Šè¿”ã•ã‚Œã‚‹ã“ã¨ã‚’ç¤ºã—ã¾ã™ã€‚\nã€å‚è€ƒã€‘constant noise (çµ¶ãˆé–“ãªã„é¨’éŸ³)ï¼frequent visits (é »ç¹ãªè¨ªå•)\nä¾‹ï¼šThe constant noise was disturbing. (çµ¶ãˆé–“ãªã„é¨’éŸ³ãŒé‚ªé­”ã ã£ãŸã€‚) ï¼ He made frequent visits to the library. (å½¼ã¯å›³æ›¸é¤¨ã«é »ç¹ã«è¨ªã‚Œã¾ã—ãŸã€‚)"
}
2026-01-31 02:06:50 - llm_service - INFO - Full response saved to: /workspaces/miyazaki_igaku_100words/debug/llm_response_1.json
2026-01-31 02:06:50 - llm_service - WARNING - Skipping point 1: before 'ã€å…¨ä½“è©•ä¾¡ã€‘' not found in student answer
2026-01-31 02:06:50 - llm_service - INFO - Before normalization: 1 points
2026-01-31 02:06:50 - points_normalizer - INFO - Starting points normalization: 1 points
2026-01-31 02:06:50 - points_normalizer - INFO - Student answer split into 1 sentences
2026-01-31 02:06:50 - points_normalizer - INFO - Original user input split into 1 sentences
2026-01-31 02:06:50 - points_normalizer - INFO - Processing point 1: before='Smartphone use can cause noise-related problems!...', level='âŒæ–‡æ³•ãƒŸã‚¹'
2026-01-31 02:06:50 - points_normalizer - INFO - Point 1: Normalized before='Smartphone use can cause noise-related problems!...'
2026-01-31 02:06:50 - points_normalizer - INFO - Point 1: Found in sentence 1: 'Smartphone use can cause noise-related problems!...'
2026-01-31 02:06:50 - points_normalizer - INFO - Point 1: Replaced fragment in sentence: 'The use of smartphones can cause noise-related pro...'
2026-01-31 02:06:50 - points_normalizer - INFO - Level is âŒ, keeping after: 'The use of smartphones can cause noise-related pro...'
2026-01-31 02:06:50 - points_normalizer - INFO - Point 1: Original user input: 'ï½“ï½ï½ï½’ï½”ï½ï½ˆï½ï½ï½…ã€€ï½•ï½“ï½…ã€€ï½ƒï½ï½ã€€ï½ƒï½ï½•ï½“ï½…ã€€ï½ï½ï½‰ï½“ï½…ï¼ï½’ï½…ï½Œï½ï½”ï½…ï½„ã€€ï½ï½’ï½ï½‚ï½Œï½…ï½ï½“ï¼...'
2026-01-31 02:06:50 - points_normalizer - INFO - Point 1: Normalized successfully (sentence_no=1)
2026-01-31 02:06:50 - points_normalizer - INFO - Points normalization complete: 1 points
2026-01-31 02:06:50 - llm_service - INFO - After normalization: 1 points
2026-01-31 02:06:50 - llm_service - INFO - Points check: current=1, non-evaluation=1, required=1
2026-01-31 02:06:50 - llm_service - INFO - âœ… Correction successful: 1 points
2026-01-31 02:06:50 - database - INFO - Submission saved: s_20260131_93be8403 (mode: general, no scoring)
2026-01-31 02:06:50 - werkzeug - INFO - 127.0.0.1 - - [31/Jan/2026 02:06:50] "POST /api/correct-multi HTTP/1.1" 200 -
